app/build/intermediates/manifest_merge_blame_file/debug/processDebugMainManifest/manifest-merger-blame-debug-report.txt
1<?xml version="1.0" encoding="utf-8"?>
2<manifest xmlns:android="http://schemas.android.com/apk/res/android"
3    package="com.newthingwidgets.clone"
4    android:versionCode="1"
5    android:versionName="1.0" >
6
7    <uses-sdk
8        android:minSdkVersion="24"
9        android:targetSdkVersion="34" />
10
11    <!-- Required for Android 11+ to query and launch other apps -->
12    <uses-permission android:name="android.permission.QUERY_ALL_PACKAGES" />
12-->src\main\AndroidManifest.xml:7:5-8:53
12-->src\main\AndroidManifest.xml:7:22-74
13
14    <!-- Required for foreground service (widget real-time updates) -->
15    <uses-permission android:name="android.permission.FOREGROUND_SERVICE" />
15-->src\main\AndroidManifest.xml:11:5-77
15-->src\main\AndroidManifest.xml:11:22-74
16    <uses-permission android:name="android.permission.FOREGROUND_SERVICE_SPECIAL_USE" />
16-->src\main\AndroidManifest.xml:12:5-89
16-->src\main\AndroidManifest.xml:12:22-86
17    <uses-permission android:name="android.permission.POST_NOTIFICATIONS" />
17-->src\main\AndroidManifest.xml:13:5-77
17-->src\main\AndroidManifest.xml:13:22-74
18
19    <!-- Background service permissions -->
20    <uses-permission android:name="android.permission.REQUEST_IGNORE_BATTERY_OPTIMIZATIONS" />
20-->src\main\AndroidManifest.xml:16:5-95
20-->src\main\AndroidManifest.xml:16:22-92
21    <uses-permission android:name="android.permission.WAKE_LOCK" />
21-->src\main\AndroidManifest.xml:17:5-68
21-->src\main\AndroidManifest.xml:17:22-65
22    <uses-permission android:name="android.permission.RECEIVE_BOOT_COMPLETED" />
22-->src\main\AndroidManifest.xml:18:5-81
22-->src\main\AndroidManifest.xml:18:22-78
23
24    <!-- Required for precise clock widget updates -->
25    <uses-permission android:name="android.permission.SCHEDULE_EXACT_ALARM" />
25-->src\main\AndroidManifest.xml:21:5-79
25-->src\main\AndroidManifest.xml:21:22-76
26    <uses-permission android:name="android.permission.USE_EXACT_ALARM" />
26-->src\main\AndroidManifest.xml:22:5-74
26-->src\main\AndroidManifest.xml:22:22-71
27
28    <!-- Declare intent queries for launching apps -->
29    <queries>
29-->src\main\AndroidManifest.xml:25:5-30:15
30        <intent>
30-->src\main\AndroidManifest.xml:26:9-29:18
31            <action android:name="android.intent.action.MAIN" />
31-->src\main\AndroidManifest.xml:27:13-65
31-->src\main\AndroidManifest.xml:27:21-62
32
33            <category android:name="android.intent.category.LAUNCHER" />
33-->src\main\AndroidManifest.xml:28:13-73
33-->src\main\AndroidManifest.xml:28:23-70
34        </intent>
35    </queries>
36
37    <permission
37-->[androidx.core:core:1.12.0] AndroidManifest.xml:22:5-24:47
38        android:name="com.newthingwidgets.clone.DYNAMIC_RECEIVER_NOT_EXPORTED_PERMISSION"
38-->[androidx.core:core:1.12.0] AndroidManifest.xml:23:9-81
39        android:protectionLevel="signature" />
39-->[androidx.core:core:1.12.0] AndroidManifest.xml:24:9-44
40
41    <uses-permission android:name="com.newthingwidgets.clone.DYNAMIC_RECEIVER_NOT_EXPORTED_PERMISSION" />
41-->[androidx.core:core:1.12.0] AndroidManifest.xml:26:5-97
41-->[androidx.core:core:1.12.0] AndroidManifest.xml:26:22-94
42
43    <application
43-->src\main\AndroidManifest.xml:32:5-342:19
44        android:allowBackup="true"
44-->src\main\AndroidManifest.xml:33:9-35
45        android:appComponentFactory="androidx.core.app.CoreComponentFactory"
45-->[androidx.core:core:1.12.0] AndroidManifest.xml:28:18-86
46        android:debuggable="true"
47        android:extractNativeLibs="false"
48        android:label="@string/app_name"
48-->src\main\AndroidManifest.xml:34:9-41
49        android:supportsRtl="true"
49-->src\main\AndroidManifest.xml:35:9-35
50        android:testOnly="true"
51        android:theme="@style/AppTheme" >
51-->src\main\AndroidManifest.xml:36:9-40
52        <activity
52-->src\main\AndroidManifest.xml:38:9-46:20
53            android:name="com.newthingwidgets.clone.MainActivity"
53-->src\main\AndroidManifest.xml:39:13-41
54            android:exported="true"
54-->src\main\AndroidManifest.xml:40:13-36
55            android:theme="@style/AppTheme" >
55-->src\main\AndroidManifest.xml:41:13-44
56            <intent-filter>
56-->src\main\AndroidManifest.xml:42:13-45:29
57                <action android:name="android.intent.action.MAIN" />
57-->src\main\AndroidManifest.xml:27:13-65
57-->src\main\AndroidManifest.xml:27:21-62
58
59                <category android:name="android.intent.category.LAUNCHER" />
59-->src\main\AndroidManifest.xml:28:13-73
59-->src\main\AndroidManifest.xml:28:23-70
60            </intent-filter>
61        </activity>
62        <activity
62-->src\main\AndroidManifest.xml:48:9-51:47
63            android:name="com.newthingwidgets.clone.WidgetDetailActivity"
63-->src\main\AndroidManifest.xml:49:13-49
64            android:exported="false"
64-->src\main\AndroidManifest.xml:50:13-37
65            android:theme="@style/AppTheme" />
65-->src\main\AndroidManifest.xml:51:13-44
66
67        <!-- Analog Clock Widget Provider -->
68        <receiver
68-->src\main\AndroidManifest.xml:54:9-64:20
69            android:name="com.newthingwidgets.clone.widgets.AnalogClockWidgetProvider"
69-->src\main\AndroidManifest.xml:55:13-62
70            android:exported="true"
70-->src\main\AndroidManifest.xml:56:13-36
71            android:label="Analog Clock" >
71-->src\main\AndroidManifest.xml:57:13-41
72            <intent-filter>
72-->src\main\AndroidManifest.xml:58:13-60:29
73                <action android:name="android.appwidget.action.APPWIDGET_UPDATE" />
73-->src\main\AndroidManifest.xml:59:17-84
73-->src\main\AndroidManifest.xml:59:25-81
74            </intent-filter>
75
76            <meta-data
76-->src\main\AndroidManifest.xml:61:13-63:68
77                android:name="android.appwidget.provider"
77-->src\main\AndroidManifest.xml:62:17-58
78                android:resource="@xml/analog_clock_widget_info" />
78-->src\main\AndroidManifest.xml:63:17-65
79        </receiver>
80
81        <!-- App Launcher Widget Provider -->
82        <receiver
82-->src\main\AndroidManifest.xml:67:9-81:20
83            android:name="com.newthingwidgets.clone.widgets.AppLauncherWidgetProvider"
83-->src\main\AndroidManifest.xml:68:13-62
84            android:exported="true"
84-->src\main\AndroidManifest.xml:69:13-36
85            android:label="App Launcher" >
85-->src\main\AndroidManifest.xml:70:13-41
86            <intent-filter>
86-->src\main\AndroidManifest.xml:71:13-77:29
87                <action android:name="android.appwidget.action.APPWIDGET_UPDATE" />
87-->src\main\AndroidManifest.xml:59:17-84
87-->src\main\AndroidManifest.xml:59:25-81
88                <action android:name="com.newthingwidgets.clone.ACTION_LAUNCH_APP" />
88-->src\main\AndroidManifest.xml:73:17-86
88-->src\main\AndroidManifest.xml:73:25-83
89                <action android:name="android.intent.action.DATE_CHANGED" />
89-->src\main\AndroidManifest.xml:74:17-77
89-->src\main\AndroidManifest.xml:74:25-74
90                <action android:name="android.intent.action.TIME_SET" />
90-->src\main\AndroidManifest.xml:75:17-73
90-->src\main\AndroidManifest.xml:75:25-70
91                <action android:name="android.intent.action.TIMEZONE_CHANGED" />
91-->src\main\AndroidManifest.xml:76:17-81
91-->src\main\AndroidManifest.xml:76:25-78
92            </intent-filter>
93
94            <meta-data
94-->src\main\AndroidManifest.xml:61:13-63:68
95                android:name="android.appwidget.provider"
95-->src\main\AndroidManifest.xml:62:17-58
96                android:resource="@xml/app_launcher_widget_info" />
96-->src\main\AndroidManifest.xml:63:17-65
97        </receiver>
98
99        <!-- Charging Widget Provider -->
100        <receiver
100-->src\main\AndroidManifest.xml:84:9-94:20
101            android:name="com.newthingwidgets.clone.widgets.ChargingWidgetProvider"
101-->src\main\AndroidManifest.xml:85:13-59
102            android:exported="true"
102-->src\main\AndroidManifest.xml:86:13-36
103            android:label="Charging Widget" >
103-->src\main\AndroidManifest.xml:87:13-44
104            <intent-filter>
104-->src\main\AndroidManifest.xml:58:13-60:29
105                <action android:name="android.appwidget.action.APPWIDGET_UPDATE" />
105-->src\main\AndroidManifest.xml:59:17-84
105-->src\main\AndroidManifest.xml:59:25-81
106            </intent-filter>
107
108            <meta-data
108-->src\main\AndroidManifest.xml:61:13-63:68
109                android:name="android.appwidget.provider"
109-->src\main\AndroidManifest.xml:62:17-58
110                android:resource="@xml/charging_widget_info" />
110-->src\main\AndroidManifest.xml:63:17-65
111        </receiver>
112
113        <!-- Battery State Receiver for Charging Widget updates -->
114        <receiver
114-->src\main\AndroidManifest.xml:97:9-104:20
115            android:name="com.newthingwidgets.clone.widgets.BatteryStateReceiver"
115-->src\main\AndroidManifest.xml:98:13-57
116            android:exported="true" >
116-->src\main\AndroidManifest.xml:99:13-36
117            <intent-filter>
117-->src\main\AndroidManifest.xml:100:13-103:29
118                <action android:name="android.intent.action.ACTION_POWER_CONNECTED" />
118-->src\main\AndroidManifest.xml:101:17-87
118-->src\main\AndroidManifest.xml:101:25-84
119                <action android:name="android.intent.action.ACTION_POWER_DISCONNECTED" />
119-->src\main\AndroidManifest.xml:102:17-90
119-->src\main\AndroidManifest.xml:102:25-87
120            </intent-filter>
121        </receiver>
122
123        <!-- Square Battery Widget Provider -->
124        <receiver
124-->src\main\AndroidManifest.xml:107:9-117:20
125            android:name="com.newthingwidgets.clone.widgets.SquareBatteryWidgetProvider"
125-->src\main\AndroidManifest.xml:108:13-64
126            android:exported="true"
126-->src\main\AndroidManifest.xml:109:13-36
127            android:label="Square Battery Widget" >
127-->src\main\AndroidManifest.xml:110:13-50
128            <intent-filter>
128-->src\main\AndroidManifest.xml:58:13-60:29
129                <action android:name="android.appwidget.action.APPWIDGET_UPDATE" />
129-->src\main\AndroidManifest.xml:59:17-84
129-->src\main\AndroidManifest.xml:59:25-81
130            </intent-filter>
131
132            <meta-data
132-->src\main\AndroidManifest.xml:61:13-63:68
133                android:name="android.appwidget.provider"
133-->src\main\AndroidManifest.xml:62:17-58
134                android:resource="@xml/square_battery_widget_info" />
134-->src\main\AndroidManifest.xml:63:17-65
135        </receiver>
136
137        <!-- Battery Bolt Widget Provider -->
138        <receiver
138-->src\main\AndroidManifest.xml:120:9-130:20
139            android:name="com.newthingwidgets.clone.widgets.BatteryBoltWidgetProvider"
139-->src\main\AndroidManifest.xml:121:13-62
140            android:exported="true"
140-->src\main\AndroidManifest.xml:122:13-36
141            android:label="Battery Bolt Widget" >
141-->src\main\AndroidManifest.xml:123:13-48
142            <intent-filter>
142-->src\main\AndroidManifest.xml:58:13-60:29
143                <action android:name="android.appwidget.action.APPWIDGET_UPDATE" />
143-->src\main\AndroidManifest.xml:59:17-84
143-->src\main\AndroidManifest.xml:59:25-81
144            </intent-filter>
145
146            <meta-data
146-->src\main\AndroidManifest.xml:61:13-63:68
147                android:name="android.appwidget.provider"
147-->src\main\AndroidManifest.xml:62:17-58
148                android:resource="@xml/battery_bolt_widget_info" />
148-->src\main\AndroidManifest.xml:63:17-65
149        </receiver>
150
151        <!-- Battery Status Widget Provider -->
152        <receiver
152-->src\main\AndroidManifest.xml:133:9-143:20
153            android:name="com.newthingwidgets.clone.widgets.BatteryStatusWidgetProvider"
153-->src\main\AndroidManifest.xml:134:13-64
154            android:exported="true"
154-->src\main\AndroidManifest.xml:135:13-36
155            android:label="Battery Status Widget" >
155-->src\main\AndroidManifest.xml:136:13-50
156            <intent-filter>
156-->src\main\AndroidManifest.xml:58:13-60:29
157                <action android:name="android.appwidget.action.APPWIDGET_UPDATE" />
157-->src\main\AndroidManifest.xml:59:17-84
157-->src\main\AndroidManifest.xml:59:25-81
158            </intent-filter>
159
160            <meta-data
160-->src\main\AndroidManifest.xml:61:13-63:68
161                android:name="android.appwidget.provider"
161-->src\main\AndroidManifest.xml:62:17-58
162                android:resource="@xml/battery_status_widget_info" />
162-->src\main\AndroidManifest.xml:63:17-65
163        </receiver>
164
165        <!-- Battery Meter Widget Provider -->
166        <receiver
166-->src\main\AndroidManifest.xml:146:9-156:20
167            android:name="com.newthingwidgets.clone.widgets.BatteryMeterWidgetProvider"
167-->src\main\AndroidManifest.xml:147:13-63
168            android:exported="true"
168-->src\main\AndroidManifest.xml:148:13-36
169            android:label="Battery Meter Widget" >
169-->src\main\AndroidManifest.xml:149:13-49
170            <intent-filter>
170-->src\main\AndroidManifest.xml:58:13-60:29
171                <action android:name="android.appwidget.action.APPWIDGET_UPDATE" />
171-->src\main\AndroidManifest.xml:59:17-84
171-->src\main\AndroidManifest.xml:59:25-81
172            </intent-filter>
173
174            <meta-data
174-->src\main\AndroidManifest.xml:61:13-63:68
175                android:name="android.appwidget.provider"
175-->src\main\AndroidManifest.xml:62:17-58
176                android:resource="@xml/battery_meter_widget_info" />
176-->src\main\AndroidManifest.xml:63:17-65
177        </receiver>
178
179        <!-- Battery Dot Matrix Widget Provider -->
180        <receiver
180-->src\main\AndroidManifest.xml:159:9-169:20
181            android:name="com.newthingwidgets.clone.widgets.BatteryDotMatrixWidgetProvider"
181-->src\main\AndroidManifest.xml:160:13-67
182            android:exported="true"
182-->src\main\AndroidManifest.xml:161:13-36
183            android:label="Battery Dot Matrix Widget" >
183-->src\main\AndroidManifest.xml:162:13-54
184            <intent-filter>
184-->src\main\AndroidManifest.xml:58:13-60:29
185                <action android:name="android.appwidget.action.APPWIDGET_UPDATE" />
185-->src\main\AndroidManifest.xml:59:17-84
185-->src\main\AndroidManifest.xml:59:25-81
186            </intent-filter>
187
188            <meta-data
188-->src\main\AndroidManifest.xml:61:13-63:68
189                android:name="android.appwidget.provider"
189-->src\main\AndroidManifest.xml:62:17-58
190                android:resource="@xml/battery_dot_matrix_widget_info" />
190-->src\main\AndroidManifest.xml:63:17-65
191        </receiver>
192
193        <!-- Calendar Widget Provider -->
194        <receiver
194-->src\main\AndroidManifest.xml:172:9-185:20
195            android:name="com.newthingwidgets.clone.widgets.CalendarWidgetProvider"
195-->src\main\AndroidManifest.xml:173:13-59
196            android:exported="true"
196-->src\main\AndroidManifest.xml:174:13-36
197            android:label="Calendar Widget" >
197-->src\main\AndroidManifest.xml:175:13-44
198            <intent-filter>
198-->src\main\AndroidManifest.xml:176:13-181:29
199                <action android:name="android.appwidget.action.APPWIDGET_UPDATE" />
199-->src\main\AndroidManifest.xml:59:17-84
199-->src\main\AndroidManifest.xml:59:25-81
200                <action android:name="android.intent.action.DATE_CHANGED" />
200-->src\main\AndroidManifest.xml:74:17-77
200-->src\main\AndroidManifest.xml:74:25-74
201                <action android:name="android.intent.action.TIME_SET" />
201-->src\main\AndroidManifest.xml:75:17-73
201-->src\main\AndroidManifest.xml:75:25-70
202                <action android:name="android.intent.action.TIMEZONE_CHANGED" />
202-->src\main\AndroidManifest.xml:76:17-81
202-->src\main\AndroidManifest.xml:76:25-78
203            </intent-filter>
204
205            <meta-data
205-->src\main\AndroidManifest.xml:61:13-63:68
206                android:name="android.appwidget.provider"
206-->src\main\AndroidManifest.xml:62:17-58
207                android:resource="@xml/calendar_widget_info" />
207-->src\main\AndroidManifest.xml:63:17-65
208        </receiver>
209
210        <!-- Date Time Matrix Widget Provider -->
211        <receiver
211-->src\main\AndroidManifest.xml:188:9-201:20
212            android:name="com.newthingwidgets.clone.widgets.DateTimeMatrixWidgetProvider"
212-->src\main\AndroidManifest.xml:189:13-65
213            android:exported="true"
213-->src\main\AndroidManifest.xml:190:13-36
214            android:label="Date Time Matrix Widget" >
214-->src\main\AndroidManifest.xml:191:13-52
215            <intent-filter>
215-->src\main\AndroidManifest.xml:192:13-197:29
216                <action android:name="android.appwidget.action.APPWIDGET_UPDATE" />
216-->src\main\AndroidManifest.xml:59:17-84
216-->src\main\AndroidManifest.xml:59:25-81
217                <action android:name="android.intent.action.TIME_TICK" />
217-->src\main\AndroidManifest.xml:194:17-74
217-->src\main\AndroidManifest.xml:194:25-71
218                <action android:name="android.intent.action.TIME_SET" />
218-->src\main\AndroidManifest.xml:75:17-73
218-->src\main\AndroidManifest.xml:75:25-70
219                <action android:name="android.intent.action.TIMEZONE_CHANGED" />
219-->src\main\AndroidManifest.xml:76:17-81
219-->src\main\AndroidManifest.xml:76:25-78
220            </intent-filter>
221
222            <meta-data
222-->src\main\AndroidManifest.xml:61:13-63:68
223                android:name="android.appwidget.provider"
223-->src\main\AndroidManifest.xml:62:17-58
224                android:resource="@xml/date_time_matrix_widget_info" />
224-->src\main\AndroidManifest.xml:63:17-65
225        </receiver>
226
227        <!-- Date Clock Widget Provider -->
228        <receiver
228-->src\main\AndroidManifest.xml:204:9-217:20
229            android:name="com.newthingwidgets.clone.widgets.DateClockWidgetProvider"
229-->src\main\AndroidManifest.xml:205:13-60
230            android:exported="true"
230-->src\main\AndroidManifest.xml:206:13-36
231            android:label="Date Clock Widget" >
231-->src\main\AndroidManifest.xml:207:13-46
232            <intent-filter>
232-->src\main\AndroidManifest.xml:192:13-197:29
233                <action android:name="android.appwidget.action.APPWIDGET_UPDATE" />
233-->src\main\AndroidManifest.xml:59:17-84
233-->src\main\AndroidManifest.xml:59:25-81
234                <action android:name="android.intent.action.TIME_TICK" />
234-->src\main\AndroidManifest.xml:194:17-74
234-->src\main\AndroidManifest.xml:194:25-71
235                <action android:name="android.intent.action.TIME_SET" />
235-->src\main\AndroidManifest.xml:75:17-73
235-->src\main\AndroidManifest.xml:75:25-70
236                <action android:name="android.intent.action.TIMEZONE_CHANGED" />
236-->src\main\AndroidManifest.xml:76:17-81
236-->src\main\AndroidManifest.xml:76:25-78
237            </intent-filter>
238
239            <meta-data
239-->src\main\AndroidManifest.xml:61:13-63:68
240                android:name="android.appwidget.provider"
240-->src\main\AndroidManifest.xml:62:17-58
241                android:resource="@xml/date_clock_widget_info" />
241-->src\main\AndroidManifest.xml:63:17-65
242        </receiver>
243
244        <!-- Calendar Widget Provider -->
245        <receiver
245-->src\main\AndroidManifest.xml:172:9-185:20
246            android:name="com.newthingwidgets.clone.widgets.CalendarWidgetProvider"
246-->src\main\AndroidManifest.xml:173:13-59
247            android:exported="true"
247-->src\main\AndroidManifest.xml:174:13-36
248            android:label="Calendar Widget" >
248-->src\main\AndroidManifest.xml:175:13-44
249            <intent-filter>
249-->src\main\AndroidManifest.xml:176:13-181:29
250                <action android:name="android.appwidget.action.APPWIDGET_UPDATE" />
250-->src\main\AndroidManifest.xml:59:17-84
250-->src\main\AndroidManifest.xml:59:25-81
251                <action android:name="android.intent.action.DATE_CHANGED" />
251-->src\main\AndroidManifest.xml:74:17-77
251-->src\main\AndroidManifest.xml:74:25-74
252                <action android:name="android.intent.action.TIME_SET" />
252-->src\main\AndroidManifest.xml:75:17-73
252-->src\main\AndroidManifest.xml:75:25-70
253                <action android:name="android.intent.action.TIMEZONE_CHANGED" />
253-->src\main\AndroidManifest.xml:76:17-81
253-->src\main\AndroidManifest.xml:76:25-78
254            </intent-filter>
255
256            <meta-data
256-->src\main\AndroidManifest.xml:61:13-63:68
257                android:name="android.appwidget.provider"
257-->src\main\AndroidManifest.xml:62:17-58
258                android:resource="@xml/calendar_widget_info" />
258-->src\main\AndroidManifest.xml:63:17-65
259        </receiver>
260
261        <!-- Dot Matrix Clock Widget Provider -->
262        <receiver
262-->src\main\AndroidManifest.xml:236:9-249:20
263            android:name="com.newthingwidgets.clone.widgets.DotMatrixClockWidgetProvider"
263-->src\main\AndroidManifest.xml:237:13-65
264            android:exported="true"
264-->src\main\AndroidManifest.xml:238:13-36
265            android:label="Dot Matrix Clock" >
265-->src\main\AndroidManifest.xml:239:13-45
266            <intent-filter>
266-->src\main\AndroidManifest.xml:192:13-197:29
267                <action android:name="android.appwidget.action.APPWIDGET_UPDATE" />
267-->src\main\AndroidManifest.xml:59:17-84
267-->src\main\AndroidManifest.xml:59:25-81
268                <action android:name="android.intent.action.TIME_TICK" />
268-->src\main\AndroidManifest.xml:194:17-74
268-->src\main\AndroidManifest.xml:194:25-71
269                <action android:name="android.intent.action.TIME_SET" />
269-->src\main\AndroidManifest.xml:75:17-73
269-->src\main\AndroidManifest.xml:75:25-70
270                <action android:name="android.intent.action.TIMEZONE_CHANGED" />
270-->src\main\AndroidManifest.xml:76:17-81
270-->src\main\AndroidManifest.xml:76:25-78
271            </intent-filter>
272
273            <meta-data
273-->src\main\AndroidManifest.xml:61:13-63:68
274                android:name="android.appwidget.provider"
274-->src\main\AndroidManifest.xml:62:17-58
275                android:resource="@xml/dot_matrix_clock_widget_info" />
275-->src\main\AndroidManifest.xml:63:17-65
276        </receiver>
277
278        <!-- Minimalist Analog Clock Widget Provider -->
279        <receiver
279-->src\main\AndroidManifest.xml:252:9-265:20
280            android:name="com.newthingwidgets.clone.widgets.MinimalistClockWidgetProvider"
280-->src\main\AndroidManifest.xml:253:13-66
281            android:exported="true"
281-->src\main\AndroidManifest.xml:254:13-36
282            android:label="Minimalist Analog Clock" >
282-->src\main\AndroidManifest.xml:255:13-52
283            <intent-filter>
283-->src\main\AndroidManifest.xml:192:13-197:29
284                <action android:name="android.appwidget.action.APPWIDGET_UPDATE" />
284-->src\main\AndroidManifest.xml:59:17-84
284-->src\main\AndroidManifest.xml:59:25-81
285                <action android:name="android.intent.action.TIME_TICK" />
285-->src\main\AndroidManifest.xml:194:17-74
285-->src\main\AndroidManifest.xml:194:25-71
286                <action android:name="android.intent.action.TIME_SET" />
286-->src\main\AndroidManifest.xml:75:17-73
286-->src\main\AndroidManifest.xml:75:25-70
287                <action android:name="android.intent.action.TIMEZONE_CHANGED" />
287-->src\main\AndroidManifest.xml:76:17-81
287-->src\main\AndroidManifest.xml:76:25-78
288            </intent-filter>
289
290            <meta-data
290-->src\main\AndroidManifest.xml:61:13-63:68
291                android:name="android.appwidget.provider"
291-->src\main\AndroidManifest.xml:62:17-58
292                android:resource="@xml/minimalist_clock_widget_info" />
292-->src\main\AndroidManifest.xml:63:17-65
293        </receiver>
294
295        <!-- Classic Analog Clock Widget Provider -->
296        <receiver
296-->src\main\AndroidManifest.xml:268:9-278:20
297            android:name="com.newthingwidgets.clone.widgets.ClassicClockWidgetProvider"
297-->src\main\AndroidManifest.xml:269:13-63
298            android:exported="true"
298-->src\main\AndroidManifest.xml:270:13-36
299            android:label="Classic Analog Clock" >
299-->src\main\AndroidManifest.xml:271:13-49
300            <intent-filter>
300-->src\main\AndroidManifest.xml:58:13-60:29
301                <action android:name="android.appwidget.action.APPWIDGET_UPDATE" />
301-->src\main\AndroidManifest.xml:59:17-84
301-->src\main\AndroidManifest.xml:59:25-81
302            </intent-filter>
303
304            <meta-data
304-->src\main\AndroidManifest.xml:61:13-63:68
305                android:name="android.appwidget.provider"
305-->src\main\AndroidManifest.xml:62:17-58
306                android:resource="@xml/classic_clock_widget_info" />
306-->src\main\AndroidManifest.xml:63:17-65
307        </receiver>
308
309        <!-- Hybrid Clock Widget Provider -->
310        <receiver
310-->src\main\AndroidManifest.xml:281:9-291:20
311            android:name="com.newthingwidgets.clone.widgets.HybridClockWidgetProvider"
311-->src\main\AndroidManifest.xml:282:13-62
312            android:exported="true"
312-->src\main\AndroidManifest.xml:283:13-36
313            android:label="Hybrid Clock Widget" >
313-->src\main\AndroidManifest.xml:284:13-48
314            <intent-filter>
314-->src\main\AndroidManifest.xml:58:13-60:29
315                <action android:name="android.appwidget.action.APPWIDGET_UPDATE" />
315-->src\main\AndroidManifest.xml:59:17-84
315-->src\main\AndroidManifest.xml:59:25-81
316            </intent-filter>
317
318            <meta-data
318-->src\main\AndroidManifest.xml:61:13-63:68
319                android:name="android.appwidget.provider"
319-->src\main\AndroidManifest.xml:62:17-58
320                android:resource="@xml/hybrid_clock_widget_info" />
320-->src\main\AndroidManifest.xml:63:17-65
321        </receiver>
322
323        <!-- Square Analog Clock Widget Provider -->
324        <receiver
324-->src\main\AndroidManifest.xml:294:9-304:20
325            android:name="com.newthingwidgets.clone.widgets.SquareAnalogClockWidgetProvider"
325-->src\main\AndroidManifest.xml:295:13-68
326            android:exported="true"
326-->src\main\AndroidManifest.xml:296:13-36
327            android:label="Square Analog Clock" >
327-->src\main\AndroidManifest.xml:297:13-48
328            <intent-filter>
328-->src\main\AndroidManifest.xml:58:13-60:29
329                <action android:name="android.appwidget.action.APPWIDGET_UPDATE" />
329-->src\main\AndroidManifest.xml:59:17-84
329-->src\main\AndroidManifest.xml:59:25-81
330            </intent-filter>
331
332            <meta-data
332-->src\main\AndroidManifest.xml:61:13-63:68
333                android:name="android.appwidget.provider"
333-->src\main\AndroidManifest.xml:62:17-58
334                android:resource="@xml/square_analog_clock_widget_info" />
334-->src\main\AndroidManifest.xml:63:17-65
335        </receiver>
336
337        <!-- Glow Circle Analog Clock Widget Provider -->
338        <receiver
338-->src\main\AndroidManifest.xml:307:9-317:20
339            android:name="com.newthingwidgets.clone.widgets.GlowCircleAnalogClockWidgetProvider"
339-->src\main\AndroidManifest.xml:308:13-72
340            android:exported="true"
340-->src\main\AndroidManifest.xml:309:13-36
341            android:label="Glow Circle Analog Clock" >
341-->src\main\AndroidManifest.xml:310:13-53
342            <intent-filter>
342-->src\main\AndroidManifest.xml:58:13-60:29
343                <action android:name="android.appwidget.action.APPWIDGET_UPDATE" />
343-->src\main\AndroidManifest.xml:59:17-84
343-->src\main\AndroidManifest.xml:59:25-81
344            </intent-filter>
345
346            <meta-data
346-->src\main\AndroidManifest.xml:61:13-63:68
347                android:name="android.appwidget.provider"
347-->src\main\AndroidManifest.xml:62:17-58
348                android:resource="@xml/glow_circle_analog_clock_widget_info" />
348-->src\main\AndroidManifest.xml:63:17-65
349        </receiver>
350
351        <!-- Drop Pulse Analog Clock Widget Provider -->
352        <receiver
352-->src\main\AndroidManifest.xml:320:9-330:20
353            android:name="com.newthingwidgets.clone.widgets.DropPulseAnalogClockWidgetProvider"
353-->src\main\AndroidManifest.xml:321:13-71
354            android:exported="true"
354-->src\main\AndroidManifest.xml:322:13-36
355            android:label="Drop Pulse Analog Clock" >
355-->src\main\AndroidManifest.xml:323:13-52
356            <intent-filter>
356-->src\main\AndroidManifest.xml:58:13-60:29
357                <action android:name="android.appwidget.action.APPWIDGET_UPDATE" />
357-->src\main\AndroidManifest.xml:59:17-84
357-->src\main\AndroidManifest.xml:59:25-81
358            </intent-filter>
359
360            <meta-data
360-->src\main\AndroidManifest.xml:61:13-63:68
361                android:name="android.appwidget.provider"
361-->src\main\AndroidManifest.xml:62:17-58
362                android:resource="@xml/drop_pulse_analog_clock_widget_info" />
362-->src\main\AndroidManifest.xml:63:17-65
363        </receiver>
364
365        <!-- Universal Widget Update Service -->
366        <service
366-->src\main\AndroidManifest.xml:333:9-340:19
367            android:name="com.newthingwidgets.clone.services.WidgetUpdateService"
367-->src\main\AndroidManifest.xml:334:13-57
368            android:exported="false"
368-->src\main\AndroidManifest.xml:335:13-37
369            android:foregroundServiceType="specialUse" >
369-->src\main\AndroidManifest.xml:336:13-55
370            <property
370-->src\main\AndroidManifest.xml:337:13-339:50